# JRE version: OpenJDK Runtime Environment (8.0_202-b03) (build 1.8.0_202-release-1483-b03)
# Java VM: OpenJDK 64-Bit Server VM (25.202-b03 mixed mode windows-amd64 compressed oops)
Heap:
 PSYoungGen      total 145408K, used 35852K [0x00000000f5580000, 0x00000000ff680000, 0x0000000100000000)
  eden space 130048K, 27% used [0x00000000f5580000,0x00000000f7883318,0x00000000fd480000)
  from space 15360K, 0% used [0x00000000fe700000,0x00000000fe700000,0x00000000ff600000)
  to   space 17408K, 0% used [0x00000000fd480000,0x00000000fd480000,0x00000000fe580000)
 ParOldGen       total 175104K, used 33800K [0x00000000e0000000, 0x00000000eab00000, 0x00000000f5580000)
  object space 175104K, 19% used [0x00000000e0000000,0x00000000e21020f8,0x00000000eab00000)
 Metaspace       used 60561K, capacity 62636K, committed 62872K, reserved 1103872K
  class space    used 8020K, capacity 8498K, committed 8616K, reserved 1048576K
GC Heap History (10 events):
Event: 141.605 GC heap before
{Heap before GC invocations=15 (full 2):
 PSYoungGen      total 155136K, used 148728K [0x00000000f5580000, 0x00000000ffd00000, 0x0000000100000000)
  eden space 144896K, 100% used [0x00000000f5580000,0x00000000fe300000,0x00000000fe300000)
  from space 10240K, 37% used [0x00000000ff300000,0x00000000ff6be008,0x00000000ffd00000)
  to   space 13312K, 0% used [0x00000000fe300000,0x00000000fe300000,0x00000000ff000000)
 ParOldGen       total 175104K, used 21638K [0x00000000e0000000, 0x00000000eab00000, 0x00000000f5580000)
  object space 175104K, 12% used [0x00000000e0000000,0x00000000e15219f8,0x00000000eab00000)
 Metaspace       used 41028K, capacity 42512K, committed 42792K, reserved 1085440K
  class space    used 5505K, capacity 5854K, committed 5928K, reserved 1048576K
Event: 141.607 GC heap after
Heap after GC invocations=15 (full 2):
 PSYoungGen      total 141824K, used 641K [0x00000000f5580000, 0x00000000ff900000, 0x0000000100000000)
  eden space 140800K, 0% used [0x00000000f5580000,0x00000000f5580000,0x00000000fdf00000)
  from space 1024K, 62% used [0x00000000fe300000,0x00000000fe3a0460,0x00000000fe400000)
  to   space 13312K, 0% used [0x00000000fec00000,0x00000000fec00000,0x00000000ff900000)
 ParOldGen       total 175104K, used 21646K [0x00000000e0000000, 0x00000000eab00000, 0x00000000f5580000)
  object space 175104K, 12% used [0x00000000e0000000,0x00000000e15239f8,0x00000000eab00000)
 Metaspace       used 41028K, capacity 42512K, committed 42792K, reserved 1085440K
  class space    used 5505K, capacity 5854K, committed 5928K, reserved 1048576K
}
Event: 143.429 GC heap before
{Heap before GC invocations=16 (full 2):
 PSYoungGen      total 141824K, used 141441K [0x00000000f5580000, 0x00000000ff900000, 0x0000000100000000)
  eden space 140800K, 100% used [0x00000000f5580000,0x00000000fdf00000,0x00000000fdf00000)
  from space 1024K, 62% used [0x00000000fe300000,0x00000000fe3a0460,0x00000000fe400000)
  to   space 13312K, 0% used [0x00000000fec00000,0x00000000fec00000,0x00000000ff900000)
 ParOldGen       total 175104K, used 21646K [0x00000000e0000000, 0x00000000eab00000, 0x00000000f5580000)
  object space 175104K, 12% used [0x00000000e0000000,0x00000000e15239f8,0x00000000eab00000)
 Metaspace       used 41030K, capacity 42512K, committed 42792K, reserved 1085440K
  class space    used 5505K, capacity 5854K, committed 5928K, reserved 1048576K
Event: 143.432 GC heap after
Heap after GC invocations=16 (full 2):
 PSYoungGen      total 147968K, used 513K [0x00000000f5580000, 0x00000000ff680000, 0x0000000100000000)
  eden space 137216K, 0% used [0x00000000f5580000,0x00000000f5580000,0x00000000fdb80000)
  from space 10752K, 4% used [0x00000000fec00000,0x00000000fec80460,0x00000000ff680000)
  to   space 13824K, 0% used [0x00000000fdb80000,0x00000000fdb80000,0x00000000fe900000)
 ParOldGen       total 175104K, used 21646K [0x00000000e0000000, 0x00000000eab00000, 0x00000000f5580000)
  object space 175104K, 12% used [0x00000000e0000000,0x00000000e15239f8,0x00000000eab00000)
 Metaspace       used 41030K, capacity 42512K, committed 42792K, reserved 1085440K
  class space    used 5505K, capacity 5854K, committed 5928K, reserved 1048576K
}
Event: 149.922 GC heap before
{Heap before GC invocations=17 (full 2):
 PSYoungGen      total 147968K, used 137729K [0x00000000f5580000, 0x00000000ff680000, 0x0000000100000000)
  eden space 137216K, 100% used [0x00000000f5580000,0x00000000fdb80000,0x00000000fdb80000)
  from space 10752K, 4% used [0x00000000fec00000,0x00000000fec80460,0x00000000ff680000)
  to   space 13824K, 0% used [0x00000000fdb80000,0x00000000fdb80000,0x00000000fe900000)
 ParOldGen       total 175104K, used 21646K [0x00000000e0000000, 0x00000000eab00000, 0x00000000f5580000)
  object space 175104K, 12% used [0x00000000e0000000,0x00000000e15239f8,0x00000000eab00000)
 Metaspace       used 51076K, capacity 52768K, committed 52904K, reserved 1095680K
  class space    used 6699K, capacity 7056K, committed 7080K, reserved 1048576K
Event: 149.930 GC heap after
Heap after GC invocations=17 (full 2):
 PSYoungGen      total 145408K, used 11426K [0x00000000f5580000, 0x00000000ff600000, 0x0000000100000000)
  eden space 133632K, 0% used [0x00000000f5580000,0x00000000f5580000,0x00000000fd800000)
  from space 11776K, 97% used [0x00000000fdb80000,0x00000000fe6a8be0,0x00000000fe700000)
  to   space 15360K, 0% used [0x00000000fe700000,0x00000000fe700000,0x00000000ff600000)
 ParOldGen       total 175104K, used 21654K [0x00000000e0000000, 0x00000000eab00000, 0x00000000f5580000)
  object space 175104K, 12% used [0x00000000e0000000,0x00000000e15259f8,0x00000000eab00000)
 Metaspace       used 51076K, capacity 52768K, committed 52904K, reserved 1095680K
  class space    used 6699K, capacity 7056K, committed 7080K, reserved 1048576K
}
Event: 153.995 GC heap before
{Heap before GC invocations=18 (full 2):
 PSYoungGen      total 145408K, used 100023K [0x00000000f5580000, 0x00000000ff600000, 0x0000000100000000)
  eden space 133632K, 66% used [0x00000000f5580000,0x00000000fac050c8,0x00000000fd800000)
  from space 11776K, 97% used [0x00000000fdb80000,0x00000000fe6a8be0,0x00000000fe700000)
  to   space 15360K, 0% used [0x00000000fe700000,0x00000000fe700000,0x00000000ff600000)
 ParOldGen       total 175104K, used 21654K [0x00000000e0000000, 0x00000000eab00000, 0x00000000f5580000)
  object space 175104K, 12% used [0x00000000e0000000,0x00000000e15259f8,0x00000000eab00000)
 Metaspace       used 57041K, capacity 59054K, committed 59160K, reserved 1099776K
  class space    used 7445K, capacity 7909K, committed 7976K, reserved 1048576K
Event: 154.008 GC heap after
Heap after GC invocations=18 (full 2):
 PSYoungGen      total 145408K, used 14829K [0x00000000f5580000, 0x00000000ff680000, 0x0000000100000000)
  eden space 130048K, 0% used [0x00000000f5580000,0x00000000f5580000,0x00000000fd480000)
  from space 15360K, 96% used [0x00000000fe700000,0x00000000ff57b4b8,0x00000000ff600000)
  to   space 17408K, 0% used [0x00000000fd480000,0x00000000fd480000,0x00000000fe580000)
 ParOldGen       total 175104K, used 21726K [0x00000000e0000000, 0x00000000eab00000, 0x00000000f5580000)
  object space 175104K, 12% used [0x00000000e0000000,0x00000000e1537a08,0x00000000eab00000)
 Metaspace       used 57041K, capacity 59054K, committed 59160K, reserved 1099776K
  class space    used 7445K, capacity 7909K, committed 7976K, reserved 1048576K
}
Event: 154.008 GC heap before
{Heap before GC invocations=19 (full 3):
 PSYoungGen      total 145408K, used 14829K [0x00000000f5580000, 0x00000000ff680000, 0x0000000100000000)
  eden space 130048K, 0% used [0x00000000f5580000,0x00000000f5580000,0x00000000fd480000)
  from space 15360K, 96% used [0x00000000fe700000,0x00000000ff57b4b8,0x00000000ff600000)
  to   space 17408K, 0% used [0x00000000fd480000,0x00000000fd480000,0x00000000fe580000)
 ParOldGen       total 175104K, used 21726K [0x00000000e0000000, 0x00000000eab00000, 0x00000000f5580000)
  object space 175104K, 12% used [0x00000000e0000000,0x00000000e1537a08,0x00000000eab00000)
 Metaspace       used 57041K, capacity 59054K, committed 59160K, reserved 1099776K
  class space    used 7445K, capacity 7909K, committed 7976K, reserved 1048576K
Event: 154.270 GC heap after
Heap after GC invocations=19 (full 3):
 PSYoungGen      total 145408K, used 0K [0x00000000f5580000, 0x00000000ff680000, 0x0000000100000000)
  eden space 130048K, 0% used [0x00000000f5580000,0x00000000f5580000,0x00000000fd480000)
  from space 15360K, 0% used [0x00000000fe700000,0x00000000fe700000,0x00000000ff600000)
  to   space 17408K, 0% used [0x00000000fd480000,0x00000000fd480000,0x00000000fe580000)
 ParOldGen       total 175104K, used 33800K [0x00000000e0000000, 0x00000000eab00000, 0x00000000f5580000)
  object space 175104K, 19% used [0x00000000e0000000,0x00000000e21020f8,0x00000000eab00000)
 Metaspace       used 56967K, capacity 58872K, committed 59160K, reserved 1099776K
  class space    used 7422K, capacity 7880K, committed 7976K, reserved 1048576K
}

