# JRE version: OpenJDK Runtime Environment (8.0_202-b03) (build 1.8.0_202-release-1483-b03)
# Java VM: OpenJDK 64-Bit Server VM (25.202-b03 mixed mode windows-amd64 compressed oops)
Heap:
 PSYoungGen      total 157696K, used 69579K [0x00000000f5580000, 0x0000000100000000, 0x0000000100000000)
  eden space 141824K, 40% used [0x00000000f5580000,0x00000000f8e10850,0x00000000fe000000)
  from space 15872K, 73% used [0x00000000ff000000,0x00000000ffb62780,0x00000000fff80000)
  to   space 16384K, 0% used [0x00000000fe000000,0x00000000fe000000,0x00000000ff000000)
 ParOldGen       total 175104K, used 14172K [0x00000000e0000000, 0x00000000eab00000, 0x00000000f5580000)
  object space 175104K, 8% used [0x00000000e0000000,0x00000000e0dd72b0,0x00000000eab00000)
 Metaspace       used 46479K, capacity 48056K, committed 48304K, reserved 1091584K
  class space    used 5989K, capacity 6304K, committed 6320K, reserved 1048576K
GC Heap History (10 events):
Event: 15.424 GC heap before
{Heap before GC invocations=6 (full 1):
 PSYoungGen      total 163840K, used 43006K [0x00000000f5580000, 0x0000000100000000, 0x0000000100000000)
  eden space 153088K, 21% used [0x00000000f5580000,0x00000000f7503ef8,0x00000000feb00000)
  from space 10752K, 99% used [0x00000000ff580000,0x00000000ffffbb80,0x0000000100000000)
  to   space 10752K, 0% used [0x00000000feb00000,0x00000000feb00000,0x00000000ff580000)
 ParOldGen       total 175104K, used 15302K [0x00000000e0000000, 0x00000000eab00000, 0x00000000f5580000)
  object space 175104K, 8% used [0x00000000e0000000,0x00000000e0ef1938,0x00000000eab00000)
 Metaspace       used 34567K, capacity 35454K, committed 35496K, reserved 1079296K
  class space    used 4594K, capacity 4871K, committed 4912K, reserved 1048576K
Event: 15.430 GC heap after
Heap after GC invocations=6 (full 1):
 PSYoungGen      total 159232K, used 5995K [0x00000000f5580000, 0x0000000100000000, 0x0000000100000000)
  eden space 153088K, 0% used [0x00000000f5580000,0x00000000f5580000,0x00000000feb00000)
  from space 6144K, 97% used [0x00000000feb00000,0x00000000ff0daed0,0x00000000ff100000)
  to   space 15360K, 0% used [0x00000000ff100000,0x00000000ff100000,0x0000000100000000)
 ParOldGen       total 175104K, used 15310K [0x00000000e0000000, 0x00000000eab00000, 0x00000000f5580000)
  object space 175104K, 8% used [0x00000000e0000000,0x00000000e0ef3938,0x00000000eab00000)
 Metaspace       used 34567K, capacity 35454K, committed 35496K, reserved 1079296K
  class space    used 4594K, capacity 4871K, committed 4912K, reserved 1048576K
}
Event: 15.431 GC heap before
{Heap before GC invocations=7 (full 2):
 PSYoungGen      total 159232K, used 5995K [0x00000000f5580000, 0x0000000100000000, 0x0000000100000000)
  eden space 153088K, 0% used [0x00000000f5580000,0x00000000f5580000,0x00000000feb00000)
  from space 6144K, 97% used [0x00000000feb00000,0x00000000ff0daed0,0x00000000ff100000)
  to   space 15360K, 0% used [0x00000000ff100000,0x00000000ff100000,0x0000000100000000)
 ParOldGen       total 175104K, used 15310K [0x00000000e0000000, 0x00000000eab00000, 0x00000000f5580000)
  object space 175104K, 8% used [0x00000000e0000000,0x00000000e0ef3938,0x00000000eab00000)
 Metaspace       used 34567K, capacity 35454K, committed 35496K, reserved 1079296K
  class space    used 4594K, capacity 4871K, committed 4912K, reserved 1048576K
Event: 15.477 GC heap after
Heap after GC invocations=7 (full 2):
 PSYoungGen      total 159232K, used 0K [0x00000000f5580000, 0x0000000100000000, 0x0000000100000000)
  eden space 153088K, 0% used [0x00000000f5580000,0x00000000f5580000,0x00000000feb00000)
  from space 6144K, 0% used [0x00000000feb00000,0x00000000feb00000,0x00000000ff100000)
  to   space 15360K, 0% used [0x00000000ff100000,0x00000000ff100000,0x0000000100000000)
 ParOldGen       total 175104K, used 14092K [0x00000000e0000000, 0x00000000eab00000, 0x00000000f5580000)
  object space 175104K, 8% used [0x00000000e0000000,0x00000000e0dc32a0,0x00000000eab00000)
 Metaspace       used 34548K, capacity 35430K, committed 35496K, reserved 1079296K
  class space    used 4587K, capacity 4863K, committed 4912K, reserved 1048576K
}
Event: 17.370 GC heap before
{Heap before GC invocations=8 (full 2):
 PSYoungGen      total 159232K, used 153088K [0x00000000f5580000, 0x0000000100000000, 0x0000000100000000)
  eden space 153088K, 100% used [0x00000000f5580000,0x00000000feb00000,0x00000000feb00000)
  from space 6144K, 0% used [0x00000000feb00000,0x00000000feb00000,0x00000000ff100000)
  to   space 15360K, 0% used [0x00000000ff100000,0x00000000ff100000,0x0000000100000000)
 ParOldGen       total 175104K, used 14092K [0x00000000e0000000, 0x00000000eab00000, 0x00000000f5580000)
  object space 175104K, 8% used [0x00000000e0000000,0x00000000e0dc32a0,0x00000000eab00000)
 Metaspace       used 35173K, capacity 36056K, committed 36272K, reserved 1081344K
  class space    used 4648K, capacity 4934K, committed 5040K, reserved 1048576K
Event: 17.376 GC heap after
Heap after GC invocations=8 (full 2):
 PSYoungGen      total 156160K, used 5835K [0x00000000f5580000, 0x0000000100000000, 0x0000000100000000)
  eden space 140800K, 0% used [0x00000000f5580000,0x00000000f5580000,0x00000000fdf00000)
  from space 15360K, 37% used [0x00000000ff100000,0x00000000ff6b2e18,0x0000000100000000)
  to   space 16896K, 0% used [0x00000000fdf00000,0x00000000fdf00000,0x00000000fef80000)
 ParOldGen       total 175104K, used 14092K [0x00000000e0000000, 0x00000000eab00000, 0x00000000f5580000)
  object space 175104K, 8% used [0x00000000e0000000,0x00000000e0dc32a0,0x00000000eab00000)
 Metaspace       used 35173K, capacity 36056K, committed 36272K, reserved 1081344K
  class space    used 4648K, capacity 4934K, committed 5040K, reserved 1048576K
}
Event: 20.943 GC heap before
{Heap before GC invocations=9 (full 2):
 PSYoungGen      total 156160K, used 146635K [0x00000000f5580000, 0x0000000100000000, 0x0000000100000000)
  eden space 140800K, 100% used [0x00000000f5580000,0x00000000fdf00000,0x00000000fdf00000)
  from space 15360K, 37% used [0x00000000ff100000,0x00000000ff6b2e18,0x0000000100000000)
  to   space 16896K, 0% used [0x00000000fdf00000,0x00000000fdf00000,0x00000000fef80000)
 ParOldGen       total 175104K, used 14092K [0x00000000e0000000, 0x00000000eab00000, 0x00000000f5580000)
  object space 175104K, 8% used [0x00000000e0000000,0x00000000e0dc32a0,0x00000000eab00000)
 Metaspace       used 40395K, capacity 41706K, committed 41904K, reserved 1085440K
  class space    used 5399K, capacity 5733K, committed 5808K, reserved 1048576K
Event: 20.951 GC heap after
Heap after GC invocations=9 (full 2):
 PSYoungGen      total 157696K, used 9682K [0x00000000f5580000, 0x00000000fff80000, 0x0000000100000000)
  eden space 140800K, 0% used [0x00000000f5580000,0x00000000f5580000,0x00000000fdf00000)
  from space 16896K, 57% used [0x00000000fdf00000,0x00000000fe874800,0x00000000fef80000)
  to   space 15872K, 0% used [0x00000000ff000000,0x00000000ff000000,0x00000000fff80000)
 ParOldGen       total 175104K, used 14092K [0x00000000e0000000, 0x00000000eab00000, 0x00000000f5580000)
  object space 175104K, 8% used [0x00000000e0000000,0x00000000e0dc32a0,0x00000000eab00000)
 Metaspace       used 40395K, capacity 41706K, committed 41904K, reserved 1085440K
  class space    used 5399K, capacity 5733K, committed 5808K, reserved 1048576K
}
Event: 85.679 GC heap before
{Heap before GC invocations=10 (full 2):
 PSYoungGen      total 157696K, used 150482K [0x00000000f5580000, 0x00000000fff80000, 0x0000000100000000)
  eden space 140800K, 100% used [0x00000000f5580000,0x00000000fdf00000,0x00000000fdf00000)
  from space 16896K, 57% used [0x00000000fdf00000,0x00000000fe874800,0x00000000fef80000)
  to   space 15872K, 0% used [0x00000000ff000000,0x00000000ff000000,0x00000000fff80000)
 ParOldGen       total 175104K, used 14092K [0x00000000e0000000, 0x00000000eab00000, 0x00000000f5580000)
  object space 175104K, 8% used [0x00000000e0000000,0x00000000e0dc32a0,0x00000000eab00000)
 Metaspace       used 46419K, capacity 47922K, committed 48048K, reserved 1091584K
  class space    used 5987K, capacity 6303K, committed 6320K, reserved 1048576K
Event: 85.691 GC heap after
Heap after GC invocations=10 (full 2):
 PSYoungGen      total 157696K, used 11657K [0x00000000f5580000, 0x0000000100000000, 0x0000000100000000)
  eden space 141824K, 0% used [0x00000000f5580000,0x00000000f5580000,0x00000000fe000000)
  from space 15872K, 73% used [0x00000000ff000000,0x00000000ffb62780,0x00000000fff80000)
  to   space 16384K, 0% used [0x00000000fe000000,0x00000000fe000000,0x00000000ff000000)
 ParOldGen       total 175104K, used 14172K [0x00000000e0000000, 0x00000000eab00000, 0x00000000f5580000)
  object space 175104K, 8% used [0x00000000e0000000,0x00000000e0dd72b0,0x00000000eab00000)
 Metaspace       used 46419K, capacity 47922K, committed 48048K, reserved 1091584K
  class space    used 5987K, capacity 6303K, committed 6320K, reserved 1048576K
}

